<?xml version="1.0" encoding="UTF-8"?>
<testng-results skipped="0" failed="0" ignored="0" total="3" passed="3">
  <reporter-output>
  </reporter-output>
  <suite name="Default suite" duration-ms="70305" started-at="2023-11-29T16:41:27 IST" finished-at="2023-11-29T16:42:37 IST">
    <groups>
    </groups>
    <test name="Default test" duration-ms="70305" started-at="2023-11-29T16:41:27 IST" finished-at="2023-11-29T16:42:37 IST">
      <class name="com.ebanking.master.Exepom">
        <test-method status="PASS" signature="Alogin()[pri:0, instance:com.ebanking.master.Exepom@69a3d1d]" name="Alogin" is-config="true" duration-ms="11344" started-at="2023-11-29T16:41:27 IST" finished-at="2023-11-29T16:41:38 IST">
          <reporter-output>
          </reporter-output>
        </test-method> <!-- Alogin -->
        <test-method status="PASS" signature="Rcreation(java.lang.String,java.lang.String)[pri:0, instance:com.ebanking.master.Exepom@69a3d1d]" name="Rcreation" duration-ms="19679" started-at="2023-11-29T16:41:39 IST" data-provider="Rdata" finished-at="2023-11-29T16:41:58 IST">
          <params>
            <param index="0">
              <value>
                <![CDATA[Managerhyd]]>
              </value>
            </param>
            <param index="1">
              <value>
                <![CDATA[E]]>
              </value>
            </param>
          </params>
          <reporter-output>
          </reporter-output>
        </test-method> <!-- Rcreation -->
        <test-method status="PASS" signature="Rcreation(java.lang.String,java.lang.String)[pri:0, instance:com.ebanking.master.Exepom@69a3d1d]" name="Rcreation" duration-ms="19610" started-at="2023-11-29T16:41:58 IST" data-provider="Rdata" finished-at="2023-11-29T16:42:18 IST">
          <params>
            <param index="0">
              <value>
                <![CDATA[Cashierhyd]]>
              </value>
            </param>
            <param index="1">
              <value>
                <![CDATA[E]]>
              </value>
            </param>
          </params>
          <reporter-output>
          </reporter-output>
        </test-method> <!-- Rcreation -->
        <test-method status="PASS" signature="Rcreation(java.lang.String,java.lang.String)[pri:0, instance:com.ebanking.master.Exepom@69a3d1d]" name="Rcreation" duration-ms="19561" started-at="2023-11-29T16:42:18 IST" data-provider="Rdata" finished-at="2023-11-29T16:42:37 IST">
          <params>
            <param index="0">
              <value>
                <![CDATA[Clerkhyd]]>
              </value>
            </param>
            <param index="1">
              <value>
                <![CDATA[E]]>
              </value>
            </param>
          </params>
          <reporter-output>
          </reporter-output>
        </test-method> <!-- Rcreation -->
      </class> <!-- com.ebanking.master.Exepom -->
    </test> <!-- Default test -->
  </suite> <!-- Default suite -->
</testng-results>
