<?xml version="1.0" encoding="UTF-8"?>
<!-- Generated by org.testng.reporters.JUnitXMLReporter -->
<testsuite hostname="DESKTOP-ADGCHK6" ignored="0" name="Default test" tests="3" failures="0" timestamp="2023-11-29T16:42:37 IST" time="70.305" errors="0">
  <testcase name="Rcreation" time="19.679" classname="com.ebanking.master.Exepom"/>
  <testcase name="Rcreation" time="19.61" classname="com.ebanking.master.Exepom"/>
  <testcase name="Rcreation" time="19.561" classname="com.ebanking.master.Exepom"/>
</testsuite> <!-- Default test -->
